[08:28:23] This is prokka 1.13
[08:28:23] Written by Torsten Seemann <torsten.seemann@gmail.com>
[08:28:23] Homepage is https://github.com/tseemann/prokka
[08:28:23] Local time is Wed Jul 15 08:28:23 2020
[08:28:23] You are lab
[08:28:23] Operating system is linux
[08:28:23] You have BioPerl 1.006924
[08:28:23] System has 80 cores.
[08:28:23] Will use maximum of 20 cores.
[08:28:23] Annotating as >>> Bacteria <<<
[08:28:23] Re-using existing --outdir /home/NeatSeqFlow/sarahm/Annotation/data//Prokka/Prokka_on_assembly/Rumen_CACVRV01.fna/
[08:28:23] Using filename prefix: Rumen_CACVRV01.fna.XXX
[08:28:23] Setting HMMER_NCPU=1
[08:28:23] Writing log to: /home/NeatSeqFlow/sarahm/Annotation/data//Prokka/Prokka_on_assembly/Rumen_CACVRV01.fna//Rumen_CACVRV01.fna.log
[08:28:23] Command: /programs/miniconda2/envs/metawrap-env/bin/prokka --cpus 20 --force --genus Kegg --usegenus --metagenome --mincontiglen 500 --outdir /home/NeatSeqFlow/sarahm/Annotation/data//Prokka/Prokka_on_assembly/Rumen_CACVRV01.fna/ --locustag Rumen_CACVRV01.fna --strain Rumen_CACVRV01.fna --prefix Rumen_CACVRV01.fna /home/sarahm/genomes_for_mash/Rumen_CACVRV01.fna
[08:28:23] Appending to PATH: /programs/miniconda2/envs/metawrap-env/bin
[08:28:23] Looking for 'aragorn' - found /programs/miniconda2/envs/metawrap-env/bin/aragorn
[08:28:23] Determined aragorn version is 1.2
[08:28:23] Looking for 'barrnap' - found /programs/miniconda2/envs/metawrap-env/bin/barrnap
[08:28:23] Determined barrnap version is 0.9
[08:28:23] Looking for 'blastp' - found /programs/miniconda2/envs/metawrap-env/bin/blastp
[08:28:23] Determined blastp version is 2.6
[08:28:23] Looking for 'cmpress' - found /programs/miniconda2/envs/metawrap-env/bin/cmpress
[08:28:23] Determined cmpress version is 1.1
[08:28:23] Looking for 'cmscan' - found /programs/miniconda2/envs/metawrap-env/bin/cmscan
[08:28:23] Determined cmscan version is 1.1
[08:28:23] Looking for 'egrep' - found /bin/egrep
[08:28:23] Looking for 'find' - found /usr/bin/find
[08:28:23] Looking for 'grep' - found /bin/grep
[08:28:23] Looking for 'hmmpress' - found /programs/miniconda2/envs/metawrap-env/bin/hmmpress
[08:28:23] Determined hmmpress version is 3.2
[08:28:23] Looking for 'hmmscan' - found /programs/miniconda2/envs/metawrap-env/bin/hmmscan
[08:28:23] Determined hmmscan version is 3.2
[08:28:23] Looking for 'java' - found /programs/miniconda2/envs/metawrap-env/bin/java
[08:28:23] Looking for 'less' - found /bin/less
[08:28:23] Looking for 'makeblastdb' - found /programs/miniconda2/envs/metawrap-env/bin/makeblastdb
[08:28:23] Determined makeblastdb version is 2.2
[08:28:23] Looking for 'minced' - found /programs/miniconda2/envs/metawrap-env/bin/minced
[08:28:23] Determined minced version is 4.0
[08:28:23] Looking for 'parallel' - found /programs/miniconda2/envs/metawrap-env/bin/parallel
[08:28:24] Determined parallel version is 20150307
[08:28:24] Looking for 'prodigal' - found /programs/miniconda2/envs/metawrap-env/bin/prodigal
[08:28:24] Determined prodigal version is 2.6
[08:28:24] Looking for 'prokka-genbank_to_fasta_db' - found /programs/miniconda2/envs/metawrap-env/bin/prokka-genbank_to_fasta_db
[08:28:24] Looking for 'sed' - found /bin/sed
[08:28:24] Looking for 'tbl2asn' - found /programs/miniconda2/envs/metawrap-env/bin/tbl2asn
[08:28:24] Determined tbl2asn version is 25.7
[08:28:24] Using genetic code table 11.
[08:28:24] Loading and checking input file: /home/sarahm/genomes_for_mash/Rumen_CACVRV01.fna
[08:28:24] Changing illegal '|' to '_' in sequence name: ENA|CACVRV010000001|CACVRV010000001.1
[08:28:24] Changing illegal '|' to '_' in sequence name: ENA|CACVRV010000002|CACVRV010000002.1
[08:28:24] Changing illegal '|' to '_' in sequence name: ENA|CACVRV010000003|CACVRV010000003.1
[08:28:24] Changing illegal '|' to '_' in sequence name: ENA|CACVRV010000004|CACVRV010000004.1
[08:28:24] Changing illegal '|' to '_' in sequence name: ENA|CACVRV010000005|CACVRV010000005.1
[08:28:24] Changing illegal '|' to '_' in sequence name: ENA|CACVRV010000006|CACVRV010000006.1
[08:28:24] Changing illegal '|' to '_' in sequence name: ENA|CACVRV010000007|CACVRV010000007.1
[08:28:24] Changing illegal '|' to '_' in sequence name: ENA|CACVRV010000008|CACVRV010000008.1
[08:28:24] Changing illegal '|' to '_' in sequence name: ENA|CACVRV010000009|CACVRV010000009.1
[08:28:24] Changing illegal '|' to '_' in sequence name: ENA|CACVRV010000010|CACVRV010000010.1
[08:28:24] Changing illegal '|' to '_' in sequence name: ENA|CACVRV010000011|CACVRV010000011.1
[08:28:24] Changing illegal '|' to '_' in sequence name: ENA|CACVRV010000012|CACVRV010000012.1
[08:28:24] Changing illegal '|' to '_' in sequence name: ENA|CACVRV010000013|CACVRV010000013.1
[08:28:24] Changing illegal '|' to '_' in sequence name: ENA|CACVRV010000014|CACVRV010000014.1
[08:28:24] Changing illegal '|' to '_' in sequence name: ENA|CACVRV010000015|CACVRV010000015.1
[08:28:24] Changing illegal '|' to '_' in sequence name: ENA|CACVRV010000016|CACVRV010000016.1
[08:28:24] Changing illegal '|' to '_' in sequence name: ENA|CACVRV010000017|CACVRV010000017.1
[08:28:24] Changing illegal '|' to '_' in sequence name: ENA|CACVRV010000018|CACVRV010000018.1
[08:28:24] Changing illegal '|' to '_' in sequence name: ENA|CACVRV010000019|CACVRV010000019.1
[08:28:24] Changing illegal '|' to '_' in sequence name: ENA|CACVRV010000020|CACVRV010000020.1
[08:28:24] Changing illegal '|' to '_' in sequence name: ENA|CACVRV010000021|CACVRV010000021.1
[08:28:24] Changing illegal '|' to '_' in sequence name: ENA|CACVRV010000022|CACVRV010000022.1
[08:28:24] Changing illegal '|' to '_' in sequence name: ENA|CACVRV010000023|CACVRV010000023.1
[08:28:24] Changing illegal '|' to '_' in sequence name: ENA|CACVRV010000024|CACVRV010000024.1
[08:28:24] Changing illegal '|' to '_' in sequence name: ENA|CACVRV010000025|CACVRV010000025.1
[08:28:24] Changing illegal '|' to '_' in sequence name: ENA|CACVRV010000026|CACVRV010000026.1
[08:28:24] Changing illegal '|' to '_' in sequence name: ENA|CACVRV010000027|CACVRV010000027.1
[08:28:24] Changing illegal '|' to '_' in sequence name: ENA|CACVRV010000028|CACVRV010000028.1
[08:28:24] Changing illegal '|' to '_' in sequence name: ENA|CACVRV010000029|CACVRV010000029.1
[08:28:24] Changing illegal '|' to '_' in sequence name: ENA|CACVRV010000030|CACVRV010000030.1
[08:28:24] Changing illegal '|' to '_' in sequence name: ENA|CACVRV010000031|CACVRV010000031.1
[08:28:24] Changing illegal '|' to '_' in sequence name: ENA|CACVRV010000032|CACVRV010000032.1
[08:28:24] Changing illegal '|' to '_' in sequence name: ENA|CACVRV010000033|CACVRV010000033.1
[08:28:24] Changing illegal '|' to '_' in sequence name: ENA|CACVRV010000034|CACVRV010000034.1
[08:28:24] Changing illegal '|' to '_' in sequence name: ENA|CACVRV010000035|CACVRV010000035.1
[08:28:24] Changing illegal '|' to '_' in sequence name: ENA|CACVRV010000036|CACVRV010000036.1
[08:28:24] Changing illegal '|' to '_' in sequence name: ENA|CACVRV010000037|CACVRV010000037.1
[08:28:24] Changing illegal '|' to '_' in sequence name: ENA|CACVRV010000038|CACVRV010000038.1
[08:28:24] Changing illegal '|' to '_' in sequence name: ENA|CACVRV010000039|CACVRV010000039.1
[08:28:24] Changing illegal '|' to '_' in sequence name: ENA|CACVRV010000040|CACVRV010000040.1
[08:28:24] Changing illegal '|' to '_' in sequence name: ENA|CACVRV010000041|CACVRV010000041.1
[08:28:24] Changing illegal '|' to '_' in sequence name: ENA|CACVRV010000042|CACVRV010000042.1
[08:28:24] Changing illegal '|' to '_' in sequence name: ENA|CACVRV010000043|CACVRV010000043.1
[08:28:24] Changing illegal '|' to '_' in sequence name: ENA|CACVRV010000044|CACVRV010000044.1
[08:28:24] Changing illegal '|' to '_' in sequence name: ENA|CACVRV010000045|CACVRV010000045.1
[08:28:24] Changing illegal '|' to '_' in sequence name: ENA|CACVRV010000046|CACVRV010000046.1
[08:28:24] Changing illegal '|' to '_' in sequence name: ENA|CACVRV010000047|CACVRV010000047.1
[08:28:24] Changing illegal '|' to '_' in sequence name: ENA|CACVRV010000048|CACVRV010000048.1
[08:28:24] Changing illegal '|' to '_' in sequence name: ENA|CACVRV010000049|CACVRV010000049.1
[08:28:24] Changing illegal '|' to '_' in sequence name: ENA|CACVRV010000050|CACVRV010000050.1
[08:28:24] Changing illegal '|' to '_' in sequence name: ENA|CACVRV010000051|CACVRV010000051.1
[08:28:24] Changing illegal '|' to '_' in sequence name: ENA|CACVRV010000052|CACVRV010000052.1
[08:28:24] Changing illegal '|' to '_' in sequence name: ENA|CACVRV010000053|CACVRV010000053.1
[08:28:24] Changing illegal '|' to '_' in sequence name: ENA|CACVRV010000054|CACVRV010000054.1
[08:28:24] Changing illegal '|' to '_' in sequence name: ENA|CACVRV010000055|CACVRV010000055.1
[08:28:24] Changing illegal '|' to '_' in sequence name: ENA|CACVRV010000056|CACVRV010000056.1
[08:28:24] Changing illegal '|' to '_' in sequence name: ENA|CACVRV010000057|CACVRV010000057.1
[08:28:24] Changing illegal '|' to '_' in sequence name: ENA|CACVRV010000058|CACVRV010000058.1
[08:28:24] Changing illegal '|' to '_' in sequence name: ENA|CACVRV010000059|CACVRV010000059.1
[08:28:24] Changing illegal '|' to '_' in sequence name: ENA|CACVRV010000060|CACVRV010000060.1
[08:28:24] Changing illegal '|' to '_' in sequence name: ENA|CACVRV010000061|CACVRV010000061.1
[08:28:24] Changing illegal '|' to '_' in sequence name: ENA|CACVRV010000062|CACVRV010000062.1
[08:28:24] Changing illegal '|' to '_' in sequence name: ENA|CACVRV010000063|CACVRV010000063.1
[08:28:24] Changing illegal '|' to '_' in sequence name: ENA|CACVRV010000064|CACVRV010000064.1
[08:28:24] Changing illegal '|' to '_' in sequence name: ENA|CACVRV010000065|CACVRV010000065.1
[08:28:24] Changing illegal '|' to '_' in sequence name: ENA|CACVRV010000066|CACVRV010000066.1
[08:28:24] Changing illegal '|' to '_' in sequence name: ENA|CACVRV010000067|CACVRV010000067.1
[08:28:24] Changing illegal '|' to '_' in sequence name: ENA|CACVRV010000068|CACVRV010000068.1
[08:28:24] Changing illegal '|' to '_' in sequence name: ENA|CACVRV010000069|CACVRV010000069.1
[08:28:24] Changing illegal '|' to '_' in sequence name: ENA|CACVRV010000070|CACVRV010000070.1
[08:28:24] Changing illegal '|' to '_' in sequence name: ENA|CACVRV010000071|CACVRV010000071.1
[08:28:24] Changing illegal '|' to '_' in sequence name: ENA|CACVRV010000072|CACVRV010000072.1
[08:28:24] Changing illegal '|' to '_' in sequence name: ENA|CACVRV010000073|CACVRV010000073.1
[08:28:24] Changing illegal '|' to '_' in sequence name: ENA|CACVRV010000074|CACVRV010000074.1
[08:28:24] Changing illegal '|' to '_' in sequence name: ENA|CACVRV010000075|CACVRV010000075.1
[08:28:24] Changing illegal '|' to '_' in sequence name: ENA|CACVRV010000076|CACVRV010000076.1
[08:28:24] Changing illegal '|' to '_' in sequence name: ENA|CACVRV010000077|CACVRV010000077.1
[08:28:24] Changing illegal '|' to '_' in sequence name: ENA|CACVRV010000078|CACVRV010000078.1
[08:28:24] Changing illegal '|' to '_' in sequence name: ENA|CACVRV010000079|CACVRV010000079.1
[08:28:24] Changing illegal '|' to '_' in sequence name: ENA|CACVRV010000080|CACVRV010000080.1
[08:28:24] Changing illegal '|' to '_' in sequence name: ENA|CACVRV010000081|CACVRV010000081.1
[08:28:24] Changing illegal '|' to '_' in sequence name: ENA|CACVRV010000082|CACVRV010000082.1
[08:28:24] Changing illegal '|' to '_' in sequence name: ENA|CACVRV010000083|CACVRV010000083.1
[08:28:24] Changing illegal '|' to '_' in sequence name: ENA|CACVRV010000084|CACVRV010000084.1
[08:28:24] Changing illegal '|' to '_' in sequence name: ENA|CACVRV010000085|CACVRV010000085.1
[08:28:24] Changing illegal '|' to '_' in sequence name: ENA|CACVRV010000086|CACVRV010000086.1
[08:28:24] Changing illegal '|' to '_' in sequence name: ENA|CACVRV010000087|CACVRV010000087.1
[08:28:24] Changing illegal '|' to '_' in sequence name: ENA|CACVRV010000088|CACVRV010000088.1
[08:28:24] Changing illegal '|' to '_' in sequence name: ENA|CACVRV010000089|CACVRV010000089.1
[08:28:24] Changing illegal '|' to '_' in sequence name: ENA|CACVRV010000090|CACVRV010000090.1
[08:28:24] Changing illegal '|' to '_' in sequence name: ENA|CACVRV010000091|CACVRV010000091.1
[08:28:24] Changing illegal '|' to '_' in sequence name: ENA|CACVRV010000092|CACVRV010000092.1
[08:28:24] Changing illegal '|' to '_' in sequence name: ENA|CACVRV010000093|CACVRV010000093.1
[08:28:24] Changing illegal '|' to '_' in sequence name: ENA|CACVRV010000094|CACVRV010000094.1
[08:28:24] Changing illegal '|' to '_' in sequence name: ENA|CACVRV010000095|CACVRV010000095.1
[08:28:24] Changing illegal '|' to '_' in sequence name: ENA|CACVRV010000096|CACVRV010000096.1
[08:28:24] Changing illegal '|' to '_' in sequence name: ENA|CACVRV010000097|CACVRV010000097.1
[08:28:24] Changing illegal '|' to '_' in sequence name: ENA|CACVRV010000098|CACVRV010000098.1
[08:28:24] Changing illegal '|' to '_' in sequence name: ENA|CACVRV010000099|CACVRV010000099.1
[08:28:24] Changing illegal '|' to '_' in sequence name: ENA|CACVRV010000100|CACVRV010000100.1
[08:28:24] Changing illegal '|' to '_' in sequence name: ENA|CACVRV010000101|CACVRV010000101.1
[08:28:24] Changing illegal '|' to '_' in sequence name: ENA|CACVRV010000102|CACVRV010000102.1
[08:28:24] Changing illegal '|' to '_' in sequence name: ENA|CACVRV010000103|CACVRV010000103.1
[08:28:24] Changing illegal '|' to '_' in sequence name: ENA|CACVRV010000104|CACVRV010000104.1
[08:28:24] Changing illegal '|' to '_' in sequence name: ENA|CACVRV010000105|CACVRV010000105.1
[08:28:24] Changing illegal '|' to '_' in sequence name: ENA|CACVRV010000106|CACVRV010000106.1
[08:28:24] Changing illegal '|' to '_' in sequence name: ENA|CACVRV010000107|CACVRV010000107.1
[08:28:24] Changing illegal '|' to '_' in sequence name: ENA|CACVRV010000108|CACVRV010000108.1
[08:28:24] Changing illegal '|' to '_' in sequence name: ENA|CACVRV010000109|CACVRV010000109.1
[08:28:24] Changing illegal '|' to '_' in sequence name: ENA|CACVRV010000110|CACVRV010000110.1
[08:28:24] Changing illegal '|' to '_' in sequence name: ENA|CACVRV010000111|CACVRV010000111.1
[08:28:24] Changing illegal '|' to '_' in sequence name: ENA|CACVRV010000112|CACVRV010000112.1
[08:28:24] Changing illegal '|' to '_' in sequence name: ENA|CACVRV010000113|CACVRV010000113.1
[08:28:24] Changing illegal '|' to '_' in sequence name: ENA|CACVRV010000114|CACVRV010000114.1
[08:28:24] Changing illegal '|' to '_' in sequence name: ENA|CACVRV010000115|CACVRV010000115.1
[08:28:24] Changing illegal '|' to '_' in sequence name: ENA|CACVRV010000116|CACVRV010000116.1
[08:28:24] Changing illegal '|' to '_' in sequence name: ENA|CACVRV010000117|CACVRV010000117.1
[08:28:24] Changing illegal '|' to '_' in sequence name: ENA|CACVRV010000118|CACVRV010000118.1
[08:28:24] Changing illegal '|' to '_' in sequence name: ENA|CACVRV010000119|CACVRV010000119.1
[08:28:24] Changing illegal '|' to '_' in sequence name: ENA|CACVRV010000120|CACVRV010000120.1
[08:28:24] Changing illegal '|' to '_' in sequence name: ENA|CACVRV010000121|CACVRV010000121.1
[08:28:24] Changing illegal '|' to '_' in sequence name: ENA|CACVRV010000122|CACVRV010000122.1
[08:28:24] Changing illegal '|' to '_' in sequence name: ENA|CACVRV010000123|CACVRV010000123.1
[08:28:24] Wrote 123 contigs totalling 2446058 bp.
[08:28:24] Predicting tRNAs and tmRNAs
[08:28:24] Running: aragorn -l -gc11  -w \/home\/NeatSeqFlow\/sarahm\/Annotation\/data\/\/Prokka\/Prokka_on_assembly\/Rumen_CACVRV01\.fna\/\/Rumen_CACVRV01\.fna\.fna
[08:28:25] 1 tRNA-Gly [111478,111551] 33 (tcc)
[08:28:25] 2 tRNA-Arg [111583,111659] 35 (tct)
[08:28:25] 3 tRNA-His [111682,111758] 35 (gtg)
[08:28:25] 4 tRNA-Thr c[153347,153422] 34 (cgt)
[08:28:25] 1 tRNA-Val [12917,12992] 34 (tac)
[08:28:25] 2 tRNA-Asp [13046,13122] 35 (gtc)
[08:28:25] 3 tRNA-Gly [13127,13202] 34 (gcc)
[08:28:25] 4 tRNA-Cys [13208,13281] 33 (gca)
[08:28:25] 1 tRNA-Leu c[20681,20765] 35 (gag)
[08:28:25] 1 tRNA-Thr [31885,31960] 34 (ggt)
[08:28:25] 2 tRNA-Ala c[41194,41269] 34 (ggc)
[08:28:25] 1 tRNA-Ser c[1020,1108] 36 (cga)
[08:28:25] 2 tmRNA [51821,52190] 95,145 ARNNITVSRNSELVAA*
[08:28:25] 1 tRNA-Leu [32048,32134] 35 (taa)
[08:28:25] 1 tRNA-Gln c[39093,39168] 33 (ctg)
[08:28:25] 1 tRNA-Lys c[32207,32282] 34 (ttt)
[08:28:25] 2 tRNA-Arg [32458,32534] 35 (acg)
[08:28:25] 1 tRNA-Val [28597,28672] 34 (tac)
[08:28:25] 2 tRNA-Asp [28677,28753] 35 (gtc)
[08:28:25] 3 tRNA-Phe [28757,28832] 34 (gaa)
[08:28:25] 4 tRNA-Gly [28863,28938] 34 (gcc)
[08:28:25] 1 tRNA-Pro c[12864,12939] 34 (ggg)
[08:28:25] 2 tRNA-Leu [18402,18487] 34 (caa)
[08:28:25] 1 tRNA-Leu [26997,27081] 35 (gag)
[08:28:25] 2 tRNA-Ser [27088,27179] 36 (gga)
[08:28:25] 1 tRNA-Pro [7459,7535] 35 (tgg)
[08:28:25] 2 tRNA-Thr [7616,7691] 34 (tgt)
[08:28:25] 3 tRNA-Tyr [7725,7810] 35 (gta)
[08:28:25] 1 tRNA-Thr c[326,401] 34 (cgt)
[08:28:25] 1 tRNA-Arg [45041,45115] 34 (ccg)
[08:28:26] 1 tRNA-Trp [11397,11472] 34 (cca)
[08:28:26] 1 tRNA-Ser [7824,7912] 36 (tga)
[08:28:26] 2 tRNA-Ser [7947,8036] 34 (gct)
[08:28:26] 1 tRNA-Glu c[76,150] 34 (ttc)
[08:28:26] 2 tRNA-Met c[156,232] 35 (cat)
[08:28:26] 1 tRNA-Met c[8131,8207] 35 (cat)
[08:28:26] 1 tRNA-Gln c[5289,5363] 34 (ttg)
[08:28:26] 2 tRNA-Phe c[5364,5439] 34 (gaa)
[08:28:26] 3 tRNA-Cys c[5445,5518] 33 (gca)
[08:28:26] 4 tRNA-Gln c[5583,5656] 33 (ctg)
[08:28:26] 1 tRNA-Pro c[6031,6107] 35 (cgg)
[08:28:26] 1 tRNA-Arg [10067,10143] 35 (cct)
[08:28:26] 1 tRNA-Leu c[48,132] 35 (tag)
[08:28:26] 1 tRNA-Leu c[1926,2012] 35 (cag)
[08:28:26] 1 tRNA-Met c[7801,7877] 35 (cat)
[08:28:26] 1 tRNA-Met c[969,1043] 33 (cat)
[08:28:26] Found 46 tRNAs
[08:28:26] Predicting Ribosomal RNAs
[08:28:26] Running Barrnap with 20 threads
[08:28:27] 1 ENA_CACVRV010000003_CACVRV010000003.1 3 5S ribosomal RNA (partial)
[08:28:27] 2 ENA_CACVRV010000035_CACVRV010000035.1 33009 5S ribosomal RNA (partial)
[08:28:27] 3 ENA_CACVRV010000047_CACVRV010000047.1 1 16S ribosomal RNA (partial)
[08:28:27] Found 3 rRNAs
[08:28:27] Skipping ncRNA search, enable with --rfam if desired.
[08:28:27] Total of 48 tRNA + rRNA features
[08:28:27] Searching for CRISPR repeats
[08:28:28] Found 0 CRISPRs
[08:28:28] Predicting coding sequences
[08:28:28] Contigs total 2446058 bp, so using meta mode
[08:28:28] Running: prodigal -i \/home\/NeatSeqFlow\/sarahm\/Annotation\/data\/\/Prokka\/Prokka_on_assembly\/Rumen_CACVRV01\.fna\/\/Rumen_CACVRV01\.fna\.fna -c -m -g 11 -p meta -f sco -q
[08:28:48] Excluding CDS which overlaps existing RNA (tRNA) at ENA_CACVRV010000074_CACVRV010000074.1:5200..5493 on - strand
[08:28:48] Excluding CDS which overlaps existing RNA (tRNA) at ENA_CACVRV010000077_CACVRV010000077.1:5391..6101 on - strand
[08:28:50] Found 2269 CDS
[08:28:50] Connecting features back to sequences
[08:28:50] Using custom Kegg database for annotation
[08:28:50] Annotating CDS, please be patient.
[08:28:50] Will use 20 CPUs for similarity searching.
[08:28:51] There are still 2269 unannotated CDS left (started with 2269)
[08:28:51] Will use blast to search against /programs/miniconda2/envs/metawrap-env/bin/../db/genus/Kegg with 20 CPUs
[08:28:51] Running: cat \/home\/NeatSeqFlow\/sarahm\/Annotation\/data\/\/Prokka\/Prokka_on_assembly\/Rumen_CACVRV01\.fna\/\/Kegg\.faa | parallel --gnu --plain -j 20 --block 18158 --recstart '>' --pipe blastp -query - -db /programs/miniconda2/envs/metawrap-env/bin/../db/genus/Kegg -evalue 1e-06 -num_threads 1 -num_descriptions 1 -num_alignments 1 -seg no > \/home\/NeatSeqFlow\/sarahm\/Annotation\/data\/\/Prokka\/Prokka_on_assembly\/Rumen_CACVRV01\.fna\/\/Kegg\.blast 2> /dev/null
[11:27:52] Deleting unwanted file: /home/NeatSeqFlow/sarahm/Annotation/data//Prokka/Prokka_on_assembly/Rumen_CACVRV01.fna//Kegg.faa
[11:27:52] Deleting unwanted file: /home/NeatSeqFlow/sarahm/Annotation/data//Prokka/Prokka_on_assembly/Rumen_CACVRV01.fna//Kegg.blast
[11:27:54] There are still 2269 unannotated CDS left (started with 2269)
[11:27:54] Will use blast to search against /programs/miniconda2/envs/metawrap-env/bin/../db/kingdom/Bacteria/sprot with 20 CPUs
[11:27:54] Running: cat \/home\/NeatSeqFlow\/sarahm\/Annotation\/data\/\/Prokka\/Prokka_on_assembly\/Rumen_CACVRV01\.fna\/\/sprot\.faa | parallel --gnu --plain -j 20 --block 18124 --recstart '>' --pipe blastp -query - -db /programs/miniconda2/envs/metawrap-env/bin/../db/kingdom/Bacteria/sprot -evalue 1e-06 -num_threads 1 -num_descriptions 1 -num_alignments 1 -seg no > \/home\/NeatSeqFlow\/sarahm\/Annotation\/data\/\/Prokka\/Prokka_on_assembly\/Rumen_CACVRV01\.fna\/\/sprot\.blast 2> /dev/null
[11:28:48] Deleting unwanted file: /home/NeatSeqFlow/sa